<?xml version="1.0" encoding="UTF-8"?>
<testng-results skipped="0" failed="1" ignored="0" total="5" passed="4">
  <reporter-output>
  </reporter-output>
  <suite name="Suite" duration-ms="50291" started-at="2020-07-10T15:23:16 IST" finished-at="2020-07-10T15:24:06 IST">
    <groups>
    </groups>
    <test name="AppTest" duration-ms="35" started-at="2020-07-10T15:23:16 IST" finished-at="2020-07-10T15:23:16 IST">
      <class name="Academy.AppTest">
        <test-method status="PASS" signature="shouldAnswerWithTrue()[pri:0, instance:Academy.AppTest@7dc222ae]" name="shouldAnswerWithTrue" duration-ms="7" started-at="2020-07-10T15:23:16 IST" finished-at="2020-07-10T15:23:16 IST">
          <reporter-output>
          </reporter-output>
        </test-method> <!-- shouldAnswerWithTrue -->
      </class> <!-- Academy.AppTest -->
    </test> <!-- AppTest -->
    <test name="ValidateTitle" duration-ms="37869" started-at="2020-07-10T15:23:16 IST" finished-at="2020-07-10T15:23:54 IST">
      <class name="Academy.ValidateTitle">
        <test-method status="PASS" signature="initilizeeDriver()[pri:0, instance:Academy.ValidateTitle@66d3eec0]" name="initilizeeDriver" is-config="true" duration-ms="36884" started-at="2020-07-10T15:23:16 IST" finished-at="2020-07-10T15:23:53 IST">
          <reporter-output>
          </reporter-output>
        </test-method> <!-- initilizeeDriver -->
        <test-method status="FAIL" signature="ValidateTitle()[pri:0, instance:Academy.ValidateTitle@66d3eec0]" name="ValidateTitle" duration-ms="264" started-at="2020-07-10T15:23:53 IST" finished-at="2020-07-10T15:23:53 IST">
          <exception class="java.lang.AssertionError">
            <message>
              <![CDATA[expected [FEATURED COURSES] but found [FEATURED1111 COURSES]]]>
            </message>
            <full-stacktrace>
              <![CDATA[java.lang.AssertionError: expected [FEATURED COURSES] but found [FEATURED1111 COURSES]
at org.testng.Assert.fail(Assert.java:97)
at org.testng.Assert.assertEqualsImpl(Assert.java:136)
at org.testng.Assert.assertEquals(Assert.java:118)
at org.testng.Assert.assertEquals(Assert.java:575)
at org.testng.Assert.assertEquals(Assert.java:585)
at Academy.ValidateTitle.ValidateTitle(ValidateTitle.java:33)
at sun.reflect.NativeMethodAccessorImpl.invoke0(Native Method)
at sun.reflect.NativeMethodAccessorImpl.invoke(NativeMethodAccessorImpl.java:62)
at sun.reflect.DelegatingMethodAccessorImpl.invoke(DelegatingMethodAccessorImpl.java:43)
at java.lang.reflect.Method.invoke(Method.java:498)
at org.testng.internal.MethodInvocationHelper.invokeMethod(MethodInvocationHelper.java:134)
at org.testng.internal.TestInvoker.invokeMethod(TestInvoker.java:597)
at org.testng.internal.TestInvoker.invokeTestMethod(TestInvoker.java:173)
at org.testng.internal.MethodRunner.runInSequence(MethodRunner.java:46)
at org.testng.internal.TestInvoker$MethodInvocationAgent.invoke(TestInvoker.java:816)
at org.testng.internal.TestInvoker.invokeTestMethods(TestInvoker.java:146)
at org.testng.internal.TestMethodWorker.invokeTestMethods(TestMethodWorker.java:146)
at org.testng.internal.TestMethodWorker.run(TestMethodWorker.java:128)
at java.util.ArrayList.forEach(ArrayList.java:1257)
at org.testng.TestRunner.privateRun(TestRunner.java:766)
at org.testng.TestRunner.run(TestRunner.java:587)
at org.testng.SuiteRunner.runTest(SuiteRunner.java:384)
at org.testng.SuiteRunner.access$000(SuiteRunner.java:28)
at org.testng.SuiteRunner$SuiteWorker.run(SuiteRunner.java:425)
at org.testng.internal.thread.ThreadUtil.lambda$execute$0(ThreadUtil.java:68)
at java.util.concurrent.FutureTask.run(FutureTask.java:266)
at java.util.concurrent.ThreadPoolExecutor.runWorker(ThreadPoolExecutor.java:1149)
at java.util.concurrent.ThreadPoolExecutor$Worker.run(ThreadPoolExecutor.java:624)
at java.lang.Thread.run(Thread.java:748)
]]>
            </full-stacktrace>
          </exception> <!-- java.lang.AssertionError -->
          <reporter-output>
          </reporter-output>
        </test-method> <!-- ValidateTitle -->
        <test-method status="PASS" signature="tearDown()[pri:0, instance:Academy.ValidateTitle@66d3eec0]" name="tearDown" is-config="true" duration-ms="104" started-at="2020-07-10T15:23:54 IST" finished-at="2020-07-10T15:23:54 IST">
          <reporter-output>
          </reporter-output>
        </test-method> <!-- tearDown -->
      </class> <!-- Academy.ValidateTitle -->
    </test> <!-- ValidateTitle -->
    <test name="ValidateNavigation" duration-ms="46214" started-at="2020-07-10T15:23:16 IST" finished-at="2020-07-10T15:24:02 IST">
      <class name="Academy.ValidateNavigation">
        <test-method status="PASS" signature="initilizeeDriver()[pri:0, instance:Academy.ValidateNavigation@bae7dc0]" name="initilizeeDriver" is-config="true" duration-ms="43528" started-at="2020-07-10T15:23:16 IST" finished-at="2020-07-10T15:23:59 IST">
          <reporter-output>
          </reporter-output>
        </test-method> <!-- initilizeeDriver -->
        <test-method status="PASS" signature="ValidateNavigation()[pri:0, instance:Academy.ValidateNavigation@bae7dc0]" name="ValidateNavigation" duration-ms="479" started-at="2020-07-10T15:23:59 IST" finished-at="2020-07-10T15:24:00 IST">
          <reporter-output>
          </reporter-output>
        </test-method> <!-- ValidateNavigation -->
        <test-method status="PASS" signature="tearDown()[pri:0, instance:Academy.ValidateNavigation@bae7dc0]" name="tearDown" is-config="true" duration-ms="2201" started-at="2020-07-10T15:24:00 IST" finished-at="2020-07-10T15:24:02 IST">
          <reporter-output>
          </reporter-output>
        </test-method> <!-- tearDown -->
      </class> <!-- Academy.ValidateNavigation -->
    </test> <!-- ValidateNavigation -->
    <test name="HomePage" duration-ms="50291" started-at="2020-07-10T15:23:16 IST" finished-at="2020-07-10T15:24:06 IST">
      <class name="Academy.HomePage">
        <test-method status="PASS" signature="initilizeeDriver()[pri:0, instance:Academy.HomePage@58d75e99]" name="initilizeeDriver" is-config="true" duration-ms="43299" started-at="2020-07-10T15:23:16 IST" finished-at="2020-07-10T15:23:59 IST">
          <reporter-output>
          </reporter-output>
        </test-method> <!-- initilizeeDriver -->
        <test-method status="PASS" signature="basePageNavigation(java.lang.String, java.lang.String)[pri:0, instance:Academy.HomePage@58d75e99]" name="basePageNavigation" duration-ms="4655" started-at="2020-07-10T15:23:59 IST" data-provider="getData" finished-at="2020-07-10T15:24:04 IST">
          <params>
            <param index="0">
              <value>
                <![CDATA[nonrestriceduser@user.com]]>
              </value>
            </param>
            <param index="1">
              <value>
                <![CDATA[12345678]]>
              </value>
            </param>
          </params>
          <reporter-output>
          </reporter-output>
        </test-method> <!-- basePageNavigation -->
        <test-method status="PASS" signature="basePageNavigation(java.lang.String, java.lang.String)[pri:0, instance:Academy.HomePage@58d75e99]" name="basePageNavigation" duration-ms="2324" started-at="2020-07-10T15:24:04 IST" data-provider="getData" finished-at="2020-07-10T15:24:06 IST">
          <params>
            <param index="0">
              <value>
                <![CDATA[restricteduser@user.com]]>
              </value>
            </param>
            <param index="1">
              <value>
                <![CDATA[1234567890]]>
              </value>
            </param>
          </params>
          <reporter-output>
          </reporter-output>
        </test-method> <!-- basePageNavigation -->
      </class> <!-- Academy.HomePage -->
    </test> <!-- HomePage -->
  </suite> <!-- Suite -->
</testng-results>
